[INFO] Scanning for projects...
[INFO] 
[INFO] -------------------------< com.example:notes >--------------------------
[INFO] Building notes 0.0.1-SNAPSHOT
[INFO]   from pom.xml
[INFO] --------------------------------[ jar ]---------------------------------
[INFO] 
[INFO] >>> spring-boot:4.0.3:run (default-cli) > test-compile @ notes >>>
[INFO] 
[INFO] --- resources:3.3.1:resources (default-resources) @ notes ---
[INFO] Copying 1 resource from src\main\resources to target\classes
[INFO] Copying 0 resource from src\main\resources to target\classes
[INFO] 
[INFO] --- compiler:3.14.1:compile (default-compile) @ notes ---
[INFO] Nothing to compile - all classes are up to date.
[INFO] 
[INFO] --- resources:3.3.1:testResources (default-testResources) @ notes ---
[INFO] skip non existing resourceDirectory C:\Users\givem\OneDrive\Desktop\vaadin-example-project\src\test\resources
[INFO] 
[INFO] --- compiler:3.14.1:testCompile (default-testCompile) @ notes ---
[INFO] Nothing to compile - all classes are up to date.
[INFO] 
[INFO] <<< spring-boot:4.0.3:run (default-cli) < test-compile @ notes <<<
[INFO] 
[INFO] 
[INFO] --- spring-boot:4.0.3:run (default-cli) @ notes ---
[INFO] Attaching agents: []

  .   ____          _            __ _ _
 /\\ / ___'_ __ _ _(_)_ __  __ _ \ \ \ \
( ( )\___ | '_ | '_| | '_ \/ _` | \ \ \ \
 \\/  ___)| |_)| | | | | || (_| |  ) ) ) )
  '  |____| .__|_| |_|_| |_\__, | / / / /
 =========|_|==============|___/=/_/_/_/

 :: Spring Boot ::                (v4.0.3)

2026-03-16T12:08:58.924+05:30  INFO 17620 --- [           main] com.example.notes.NotesApplication       : Starting NotesApplication using Java 21 with PID 17620 (C:\Users\givem\OneDrive\Desktop\vaadin-example-project\target\classes started by givem in C:\Users\givem\OneDrive\Desktop\vaadin-example-project)
2026-03-16T12:08:58.927+05:30  INFO 17620 --- [           main] com.example.notes.NotesApplication       : No active profile set, falling back to 1 default profile: "default"
2026-03-16T12:08:59.834+05:30  INFO 17620 --- [           main] .s.d.r.c.RepositoryConfigurationDelegate : Bootstrapping Spring Data JPA repositories in DEFAULT mode.
2026-03-16T12:08:59.904+05:30  INFO 17620 --- [           main] .s.d.r.c.RepositoryConfigurationDelegate : Finished Spring Data repository scanning in 60 ms. Found 2 JPA repository interfaces.
2026-03-16T12:09:00.609+05:30  INFO 17620 --- [           main] o.s.boot.tomcat.TomcatWebServer          : Tomcat initialized with port 8080 (http)
2026-03-16T12:09:00.622+05:30  INFO 17620 --- [           main] o.apache.catalina.core.StandardService   : Starting service [Tomcat]
2026-03-16T12:09:00.622+05:30  INFO 17620 --- [           main] o.apache.catalina.core.StandardEngine    : Starting Servlet engine: [Apache Tomcat/11.0.18]
2026-03-16T12:09:00.709+05:30  INFO 17620 --- [           main] b.w.c.s.WebApplicationContextInitializer : Root WebApplicationContext: initialization completed in 1639 ms
2026-03-16T12:09:03.693+05:30  INFO 17620 --- [           main] c.v.f.s.VaadinServletContextInitializer  : Search for subclasses and classes with annotations took 2723 ms
2026-03-16T12:09:03.873+05:30  INFO 17620 --- [           main] c.v.b.d.startup.DevModeStartupListener   : Starting dev-mode updaters in C:\Users\givem\OneDrive\Desktop\vaadin-example-project folder.
2026-03-16T12:09:03.922+05:30  INFO 17620 --- [           main] c.v.f.s.f.s.FullDependenciesScanner      : Visited 98 classes. Took 26 ms.
2026-03-16T12:09:03.924+05:30  INFO 17620 --- [           main] c.v.f.s.frontend.BundleValidationUtil    : Checking if a development mode bundle build is needed
2026-03-16T12:09:04.170+05:30  INFO 17620 --- [           main] c.v.f.s.frontend.BundleValidationUtil    : A development mode bundle build is not needed
2026-03-16T12:09:04.221+05:30  INFO 17620 --- [in-dev-server-1] c.v.f.s.frontend.TaskCopyFrontendFiles   : Copying frontend resources from jar files ...
2026-03-16T12:09:04.392+05:30  INFO 17620 --- [in-dev-server-1] c.v.f.s.frontend.TaskCopyFrontendFiles   : Visited 19 resources. Took 167 ms.
2026-03-16T12:09:04.453+05:30  INFO 17620 --- [           main] org.hibernate.orm.jpa                    : HHH008540: Processing PersistenceUnitInfo [name: default]
2026-03-16T12:09:04.538+05:30  INFO 17620 --- [           main] org.hibernate.orm.core                   : HHH000001: Hibernate ORM core version 7.2.4.Final
2026-03-16T12:09:07.370+05:30  INFO 17620 --- [           main] o.s.o.j.p.SpringPersistenceUnitInfo      : No LoadTimeWeaver setup: ignoring JPA class transformer
2026-03-16T12:09:07.661+05:30  INFO 17620 --- [           main] com.zaxxer.hikari.HikariDataSource       : HikariPool-1 - Starting...
2026-03-16T12:09:09.450+05:30  INFO 17620 --- [           main] com.zaxxer.hikari.pool.HikariPool        : HikariPool-1 - Added connection conn0: url=jdbc:h2:mem:notesdb user=SA
2026-03-16T12:09:09.512+05:30  INFO 17620 --- [           main] com.zaxxer.hikari.HikariDataSource       : HikariPool-1 - Start completed.
2026-03-16T12:09:09.606+05:30  WARN 17620 --- [           main] org.hibernate.orm.deprecation            : HHH90000025: H2Dialect does not need to be specified explicitly using 'hibernate.dialect' (remove the property setting and it will be selected by default)
2026-03-16T12:09:09.711+05:30  INFO 17620 --- [           main] org.hibernate.orm.connections.pooling    : HHH10001005: Database info:
	Database JDBC URL [jdbc:h2:mem:notesdb]
	Database driver: H2 JDBC Driver
	Database dialect: H2Dialect
	Database version: 2.4.240
	Default catalog/schema: NOTESDB/PUBLIC
	Autocommit mode: undefined/unknown
	Isolation level: READ_COMMITTED [default READ_COMMITTED]
	JDBC fetch size: 100
	Pool: DataSourceConnectionProvider
	Minimum pool size: undefined/unknown
	Maximum pool size: undefined/unknown
2026-03-16T12:09:12.904+05:30  INFO 17620 --- [           main] org.hibernate.orm.core                   : HHH000489: No JTA platform available (set 'hibernate.transaction.jta.platform' to enable JTA platform integration)
Hibernate: create table application_user (id bigint generated by default as identity, password_hash varchar(255) not null, username varchar(255) not null, primary key (id))
Hibernate: create table note (id bigint generated by default as identity, content varchar(1000) not null, user_id bigint not null, primary key (id))
Hibernate: alter table if exists application_user drop constraint if exists UK6c0v0rco93sykgyetukfmkkod
Hibernate: alter table if exists application_user add constraint UK6c0v0rco93sykgyetukfmkkod unique (username)
Hibernate: alter table if exists note add constraint FK61qplke1ovht84i6ivvm5fnl0 foreign key (user_id) references application_user
2026-03-16T12:09:13.051+05:30  INFO 17620 --- [           main] j.LocalContainerEntityManagerFactoryBean : Initialized JPA EntityManagerFactory for persistence unit 'default'
2026-03-16T12:09:13.079+05:30  WARN 17620 --- [           main] ConfigServletWebServerApplicationContext : Exception encountered during context initialization - cancelling refresh attempt: org.springframework.beans.factory.BeanCreationException: Error creating bean with name 'securityConfig' defined in file [C:\Users\givem\OneDrive\Desktop\vaadin-example-project\target\classes\com\example\notes\security\SecurityConfig.class]: Failed to instantiate [com.example.notes.security.SecurityConfig$$SpringCGLIB$$0]: Constructor threw exception
2026-03-16T12:09:13.079+05:30  INFO 17620 --- [           main] j.LocalContainerEntityManagerFactoryBean : Closing JPA EntityManagerFactory for persistence unit 'default'
2026-03-16T12:09:13.084+05:30  INFO 17620 --- [           main] com.zaxxer.hikari.HikariDataSource       : HikariPool-1 - Shutdown initiated...
2026-03-16T12:09:13.086+05:30  INFO 17620 --- [           main] com.zaxxer.hikari.HikariDataSource       : HikariPool-1 - Shutdown completed.
2026-03-16T12:09:13.108+05:30  INFO 17620 --- [           main] o.apache.catalina.core.StandardService   : Stopping service [Tomcat]
2026-03-16T12:09:13.114+05:30  WARN 17620 --- [           main] o.a.c.loader.WebappClassLoaderBase       : The web application [ROOT] appears to have started a thread named [vaadin-file-watcher-1] but has failed to stop it. This is very likely to create a memory leak. Stack trace of thread:
 java.base/jdk.internal.misc.Unsafe.park(Native Method)
 java.base/java.util.concurrent.locks.LockSupport.parkNanos(LockSupport.java:269)
 java.base/java.util.concurrent.SynchronousQueue$TransferStack.transfer(SynchronousQueue.java:401)
 java.base/java.util.concurrent.SynchronousQueue.poll(SynchronousQueue.java:903)
 java.base/java.util.concurrent.ThreadPoolExecutor.getTask(ThreadPoolExecutor.java:1069)
 java.base/java.util.concurrent.ThreadPoolExecutor.runWorker(ThreadPoolExecutor.java:1130)
 java.base/java.util.concurrent.ThreadPoolExecutor$Worker.run(ThreadPoolExecutor.java:642)
 java.base/java.lang.Thread.run(Thread.java:1583)
2026-03-16T12:09:13.123+05:30  INFO 17620 --- [           main] .s.b.a.l.ConditionEvaluationReportLogger : 

Error starting ApplicationContext. To display the condition evaluation report re-run your application with 'debug' enabled.
2026-03-16T12:09:13.136+05:30 ERROR 17620 --- [           main] o.s.boot.SpringApplication               : Application run failed

org.springframework.beans.factory.BeanCreationException: Error creating bean with name 'securityConfig' defined in file [C:\Users\givem\OneDrive\Desktop\vaadin-example-project\target\classes\com\example\notes\security\SecurityConfig.class]: Failed to instantiate [com.example.notes.security.SecurityConfig$$SpringCGLIB$$0]: Constructor threw exception
	at org.springframework.beans.factory.support.AbstractAutowireCapableBeanFactory.instantiateBean(AbstractAutowireCapableBeanFactory.java:1344) ~[spring-beans-7.0.5.jar:7.0.5]
	at org.springframework.beans.factory.support.AbstractAutowireCapableBeanFactory.createBeanInstance(AbstractAutowireCapableBeanFactory.java:1231) ~[spring-beans-7.0.5.jar:7.0.5]
	at org.springframework.beans.factory.support.AbstractAutowireCapableBeanFactory.doCreateBean(AbstractAutowireCapableBeanFactory.java:565) ~[spring-beans-7.0.5.jar:7.0.5]
	at org.springframework.beans.factory.support.AbstractAutowireCapableBeanFactory.createBean(AbstractAutowireCapableBeanFactory.java:525) ~[spring-beans-7.0.5.jar:7.0.5]
	at org.springframework.beans.factory.support.AbstractBeanFactory.lambda$doGetBean$0(AbstractBeanFactory.java:333) ~[spring-beans-7.0.5.jar:7.0.5]
	at org.springframework.beans.factory.support.DefaultSingletonBeanRegistry.getSingleton(DefaultSingletonBeanRegistry.java:371) ~[spring-beans-7.0.5.jar:7.0.5]
	at org.springframework.beans.factory.support.AbstractBeanFactory.doGetBean(AbstractBeanFactory.java:331) ~[spring-beans-7.0.5.jar:7.0.5]
	at org.springframework.beans.factory.support.AbstractBeanFactory.getBean(AbstractBeanFactory.java:196) ~[spring-beans-7.0.5.jar:7.0.5]
	at org.springframework.beans.factory.support.DefaultListableBeanFactory.instantiateSingleton(DefaultListableBeanFactory.java:1218) ~[spring-beans-7.0.5.jar:7.0.5]
	at org.springframework.beans.factory.support.DefaultListableBeanFactory.preInstantiateSingleton(DefaultListableBeanFactory.java:1184) ~[spring-beans-7.0.5.jar:7.0.5]
	at org.springframework.beans.factory.support.DefaultListableBeanFactory.preInstantiateSingletons(DefaultListableBeanFactory.java:1121) ~[spring-beans-7.0.5.jar:7.0.5]
	at org.springframework.context.support.AbstractApplicationContext.finishBeanFactoryInitialization(AbstractApplicationContext.java:994) ~[spring-context-7.0.5.jar:7.0.5]
	at org.springframework.context.support.AbstractApplicationContext.refresh(AbstractApplicationContext.java:621) ~[spring-context-7.0.5.jar:7.0.5]
	at org.springframework.boot.web.server.servlet.context.ServletWebServerApplicationContext.refresh(ServletWebServerApplicationContext.java:143) ~[spring-boot-web-server-4.0.3.jar:4.0.3]
	at org.springframework.boot.SpringApplication.refresh(SpringApplication.java:756) ~[spring-boot-4.0.3.jar:4.0.3]
	at org.springframework.boot.SpringApplication.refreshContext(SpringApplication.java:445) ~[spring-boot-4.0.3.jar:4.0.3]
	at org.springframework.boot.SpringApplication.run(SpringApplication.java:321) ~[spring-boot-4.0.3.jar:4.0.3]
	at org.springframework.boot.SpringApplication.run(SpringApplication.java:1365) ~[spring-boot-4.0.3.jar:4.0.3]
	at org.springframework.boot.SpringApplication.run(SpringApplication.java:1354) ~[spring-boot-4.0.3.jar:4.0.3]
	at com.example.notes.NotesApplication.main(NotesApplication.java:10) ~[classes/:na]
Caused by: org.springframework.beans.BeanInstantiationException: Failed to instantiate [com.example.notes.security.SecurityConfig$$SpringCGLIB$$0]: Constructor threw exception
	at org.springframework.beans.BeanUtils.instantiateClass(BeanUtils.java:220) ~[spring-beans-7.0.5.jar:7.0.5]
	at org.springframework.beans.factory.support.SimpleInstantiationStrategy.instantiate(SimpleInstantiationStrategy.java:106) ~[spring-beans-7.0.5.jar:7.0.5]
	at org.springframework.beans.factory.support.AbstractAutowireCapableBeanFactory.instantiateBean(AbstractAutowireCapableBeanFactory.java:1338) ~[spring-beans-7.0.5.jar:7.0.5]
	... 19 common frames omitted
Caused by: java.lang.Error: Unresolved compilation problems: 
	The import com.vaadin.flow.spring.security.VaadinWebSecurity cannot be resolved
	The import org.springframework.security.web.util.matcher.AntPathRequestMatcher cannot be resolved
	VaadinWebSecurity cannot be resolved to a type
	The method configure(HttpSecurity) of type SecurityConfig must override or implement a supertype method
	AntPathRequestMatcher cannot be resolved to a type
	VaadinWebSecurity cannot be resolved to a type
	The method setLoginView(HttpSecurity, Class<LoginView>) is undefined for the type SecurityConfig

	at com.example.notes.security.SecurityConfig.<init>(SecurityConfig.java:4) ~[classes/:na]
	at com.example.notes.security.SecurityConfig$$SpringCGLIB$$0.<init>(<generated>) ~[classes/:na]
	at java.base/jdk.internal.reflect.DirectConstructorHandleAccessor.newInstance(DirectConstructorHandleAccessor.java:62) ~[na:na]
	at java.base/java.lang.reflect.Constructor.newInstanceWithCaller(Constructor.java:502) ~[na:na]
	at java.base/java.lang.reflect.Constructor.newInstance(Constructor.java:486) ~[na:na]
	at org.springframework.beans.BeanUtils.instantiateClass(BeanUtils.java:194) ~[spring-beans-7.0.5.jar:7.0.5]
	... 21 common frames omitted

[INFO] ------------------------------------------------------------------------
[INFO] BUILD FAILURE
[INFO] ------------------------------------------------------------------------
[INFO] Total time:  19.000 s
[INFO] Finished at: 2026-03-16T12:09:13+05:30
[INFO] ------------------------------------------------------------------------
[ERROR] Failed to execute goal org.springframework.boot:spring-boot-maven-plugin:4.0.3:run (default-cli) on project notes: Process terminated with exit code: 1 -> [Help 1]
[ERROR] 
[ERROR] To see the full stack trace of the errors, re-run Maven with the -e switch.
[ERROR] Re-run Maven using the -X switch to enable full debug logging.
[ERROR] 
[ERROR] For more information about the errors and possible solutions, please read the following articles:
[ERROR] [Help 1] http://cwiki.apache.org/confluence/display/MAVEN/MojoExecutionException
